-------------------------------------------------------------------------------
Test set: org.eclipse.leshan.integration.tests.SecurityTest
-------------------------------------------------------------------------------
Tests run: 53, Failures: 1, Errors: 10, Skipped: 0, Time elapsed: 56.666 s <<< FAILURE! - in org.eclipse.leshan.integration.tests.SecurityTest
org.eclipse.leshan.integration.tests.SecurityTest.registered_device_with_x509cert_to_server_with_x509cert_rootca_certificate_usage_domain  Time elapsed: 1.056 s  <<< ERROR!
java.lang.RuntimeException: java.util.concurrent.TimeoutException: wait for register timeout
	at org.eclipse.leshan.integration.tests.SecurityTest.registered_device_with_x509cert_to_server_with_x509cert_rootca_certificate_usage_domain(SecurityTest.java:1412)
Caused by: java.util.concurrent.TimeoutException: wait for register timeout
	at org.eclipse.leshan.integration.tests.SecurityTest.registered_device_with_x509cert_to_server_with_x509cert_rootca_certificate_usage_domain(SecurityTest.java:1412)

org.eclipse.leshan.integration.tests.SecurityTest.registered_device_with_x509cert_to_server_with_x509cert_rootca_certificate_taa_domain_root_ca_given  Time elapsed: 1.057 s  <<< ERROR!
java.lang.RuntimeException: java.util.concurrent.TimeoutException: wait for register timeout
	at org.eclipse.leshan.integration.tests.SecurityTest.registered_device_with_x509cert_to_server_with_x509cert_rootca_certificate_taa_domain_root_ca_given(SecurityTest.java:1243)
Caused by: java.util.concurrent.TimeoutException: wait for register timeout
	at org.eclipse.leshan.integration.tests.SecurityTest.registered_device_with_x509cert_to_server_with_x509cert_rootca_certificate_taa_domain_root_ca_given(SecurityTest.java:1243)

org.eclipse.leshan.integration.tests.SecurityTest.registered_device_with_x509cert_to_server_with_x509cert_rootca_certificate_ca_domain_root_ca_given  Time elapsed: 1.041 s  <<< ERROR!
java.lang.RuntimeException: java.util.concurrent.TimeoutException: wait for register timeout
	at org.eclipse.leshan.integration.tests.SecurityTest.registered_device_with_x509cert_to_server_with_x509cert_rootca_certificate_ca_domain_root_ca_given(SecurityTest.java:800)
Caused by: java.util.concurrent.TimeoutException: wait for register timeout
	at org.eclipse.leshan.integration.tests.SecurityTest.registered_device_with_x509cert_to_server_with_x509cert_rootca_certificate_ca_domain_root_ca_given(SecurityTest.java:800)

org.eclipse.leshan.integration.tests.SecurityTest.registered_device_with_x509cert_to_server_with_x509cert_rootca_certificate_usage_ca_intca_given  Time elapsed: 1.093 s  <<< ERROR!
java.lang.RuntimeException: java.util.concurrent.TimeoutException: wait for register timeout
	at org.eclipse.leshan.integration.tests.SecurityTest.registered_device_with_x509cert_to_server_with_x509cert_rootca_certificate_usage_ca_intca_given(SecurityTest.java:765)
Caused by: java.util.concurrent.TimeoutException: wait for register timeout
	at org.eclipse.leshan.integration.tests.SecurityTest.registered_device_with_x509cert_to_server_with_x509cert_rootca_certificate_usage_ca_intca_given(SecurityTest.java:765)

org.eclipse.leshan.integration.tests.SecurityTest.registered_device_with_x509cert_to_server_with_x509cert_rootca_certificate_usage_taa_intca_given  Time elapsed: 1.083 s  <<< ERROR!
java.lang.RuntimeException: java.util.concurrent.TimeoutException: wait for register timeout
	at org.eclipse.leshan.integration.tests.SecurityTest.registered_device_with_x509cert_to_server_with_x509cert_rootca_certificate_usage_taa_intca_given(SecurityTest.java:1208)
Caused by: java.util.concurrent.TimeoutException: wait for register timeout
	at org.eclipse.leshan.integration.tests.SecurityTest.registered_device_with_x509cert_to_server_with_x509cert_rootca_certificate_usage_taa_intca_given(SecurityTest.java:1208)

org.eclipse.leshan.integration.tests.SecurityTest.registered_device_with_x509cert_to_server_with_x509cert  Time elapsed: 1.069 s  <<< ERROR!
java.lang.RuntimeException: java.util.concurrent.TimeoutException: wait for register timeout
	at org.eclipse.leshan.integration.tests.SecurityTest.registered_device_with_x509cert_to_server_with_x509cert(SecurityTest.java:586)
Caused by: java.util.concurrent.TimeoutException: wait for register timeout
	at org.eclipse.leshan.integration.tests.SecurityTest.registered_device_with_x509cert_to_server_with_x509cert(SecurityTest.java:586)

org.eclipse.leshan.integration.tests.SecurityTest.registered_device_with_x509cert_to_server_with_x509cert_then_remove_security_info  Time elapsed: 0.065 s  <<< FAILURE!
java.lang.AssertionError
	at org.eclipse.leshan.integration.tests.SecurityTest.registered_device_with_x509cert_to_server_with_x509cert_then_remove_security_info(SecurityTest.java:559)

org.eclipse.leshan.integration.tests.SecurityTest.registered_device_with_x509cert_to_server_with_x509cert_rootca_certificate_usage_service  Time elapsed: 1.036 s  <<< ERROR!
java.lang.RuntimeException: java.util.concurrent.TimeoutException: wait for register timeout
	at org.eclipse.leshan.integration.tests.SecurityTest.registered_device_with_x509cert_to_server_with_x509cert_rootca_certificate_usage_service(SecurityTest.java:970)
Caused by: java.util.concurrent.TimeoutException: wait for register timeout
	at org.eclipse.leshan.integration.tests.SecurityTest.registered_device_with_x509cert_to_server_with_x509cert_rootca_certificate_usage_service(SecurityTest.java:970)

org.eclipse.leshan.integration.tests.SecurityTest.registered_device_with_x509cert_to_server_with_x509cert_selfsigned_certificate_usage_domain_selfsigned_server_cert_given  Time elapsed: 1.057 s  <<< ERROR!
java.lang.RuntimeException: java.util.concurrent.TimeoutException: wait for register timeout
	at org.eclipse.leshan.integration.tests.SecurityTest.registered_device_with_x509cert_to_server_with_x509cert_selfsigned_certificate_usage_domain_selfsigned_server_cert_given(SecurityTest.java:1548)
Caused by: java.util.concurrent.TimeoutException: wait for register timeout
	at org.eclipse.leshan.integration.tests.SecurityTest.registered_device_with_x509cert_to_server_with_x509cert_selfsigned_certificate_usage_domain_selfsigned_server_cert_given(SecurityTest.java:1548)

org.eclipse.leshan.integration.tests.SecurityTest.registered_device_with_x509cert_to_server_with_x509cert_server_certificate_usage_domain_server_cert_wo_chain_given  Time elapsed: 1.058 s  <<< ERROR!
java.lang.RuntimeException: java.util.concurrent.TimeoutException: wait for register timeout
	at org.eclipse.leshan.integration.tests.SecurityTest.registered_device_with_x509cert_to_server_with_x509cert_server_certificate_usage_domain_server_cert_wo_chain_given(SecurityTest.java:1583)
Caused by: java.util.concurrent.TimeoutException: wait for register timeout
	at org.eclipse.leshan.integration.tests.SecurityTest.registered_device_with_x509cert_to_server_with_x509cert_server_certificate_usage_domain_server_cert_wo_chain_given(SecurityTest.java:1583)

org.eclipse.leshan.integration.tests.SecurityTest.registered_device_with_x509cert_to_server_with_self_signed_x509cert  Time elapsed: 1.061 s  <<< ERROR!
java.lang.RuntimeException: java.util.concurrent.TimeoutException: wait for register timeout
	at org.eclipse.leshan.integration.tests.SecurityTest.registered_device_with_x509cert_to_server_with_self_signed_x509cert(SecurityTest.java:606)
Caused by: java.util.concurrent.TimeoutException: wait for register timeout
	at org.eclipse.leshan.integration.tests.SecurityTest.registered_device_with_x509cert_to_server_with_self_signed_x509cert(SecurityTest.java:606)

