<?xml version="1.0" encoding="UTF-8"?>
<testsuite xmlns:xsi="http://www.w3.org/2001/XMLSchema-instance" xsi:noNamespaceSchemaLocation="https://maven.apache.org/surefire/maven-surefire-plugin/xsd/surefire-test-report-3.0.xsd" version="3.0" name="org.eclipse.leshan.integration.tests.lockstep.LockStepTest" time="8.802" tests="8" errors="0" skipped="0" failures="0">
  <properties>
[...]
</properties>
  <testcase name="async_send_with_acknowleged_request_without_response" classname="org.eclipse.leshan.integration.tests.lockstep.LockStepTest" time="3.518"/>
  <testcase name="register_with_uq_binding_in_lw_1_0" classname="org.eclipse.leshan.integration.tests.lockstep.LockStepTest" time="0.019"/>
  <testcase name="register_update_with_invalid_binding_for_lw_1_0" classname="org.eclipse.leshan.integration.tests.lockstep.LockStepTest" time="0.02"/>
  <testcase name="register_update_with_invalid_binding_for_lw_1_1" classname="org.eclipse.leshan.integration.tests.lockstep.LockStepTest" time="0.02"/>
  <testcase name="sync_send_without_acknowleged" classname="org.eclipse.leshan.integration.tests.lockstep.LockStepTest" time="1.074"/>
  <testcase name="async_send_without_acknowleged" classname="org.eclipse.leshan.integration.tests.lockstep.LockStepTest" time="1.099"/>
  <testcase name="register_with_ut_binding_in_lw_1_1" classname="org.eclipse.leshan.integration.tests.lockstep.LockStepTest" time="0.021"/>
  <testcase name="sync_send_with_acknowleged_request_without_response" classname="org.eclipse.leshan.integration.tests.lockstep.LockStepTest" time="3.031"/>
</testsuite>