<?xml version="1.0" encoding="UTF-8"?>
<testsuite xmlns:xsi="http://www.w3.org/2001/XMLSchema-instance" xsi:noNamespaceSchemaLocation="https://maven.apache.org/surefire/maven-surefire-plugin/xsd/surefire-test-report-3.0.xsd" version="3.0" name="org.eclipse.leshan.integration.tests.SecurityTest" time="56.666" tests="53" errors="10" skipped="0" failures="1">
  <properties>
[...]
</properties>
  <testcase name="registered_device_with_bad_psk_key_to_server_with_psk" classname="org.eclipse.leshan.integration.tests.SecurityTest" time="1.365"/>
  <testcase name="registered_device_with_rpk_to_server_with_rpk" classname="org.eclipse.leshan.integration.tests.SecurityTest" time="0.569"/>
  <testcase name="registered_device_with_x509cert_to_server_with_x509cert_selfsigned_certificate_usage_ca_selfsigned_server_cert_given" classname="org.eclipse.leshan.integration.tests.SecurityTest" time="1.052"/>
  <testcase name="registered_device_with_x509cert_to_server_with_x509cert_server_certificate_usage_ca_server_cert_wo_chain_given" classname="org.eclipse.leshan.integration.tests.SecurityTest" time="1.052"/>
  <testcase name="registered_device_with_psk_and_bad_endpoint_to_server_with_psk" classname="org.eclipse.leshan.integration.tests.SecurityTest" time="1.055"/>
  <testcase name="registered_device_with_psk_to_server_with_psk" classname="org.eclipse.leshan.integration.tests.SecurityTest" time="0.546"/>
  <testcase name="registered_device_with_x509cert_to_server_with_x509cert_selfsigned_certificate_usage_service_selfsigned_server_cert_given" classname="org.eclipse.leshan.integration.tests.SecurityTest" time="1.065"/>
  <testcase name="registered_device_with_rpk_to_server_with_rpk_then_remove_security_info" classname="org.eclipse.leshan.integration.tests.SecurityTest" time="2.623"/>
  <testcase name="registered_device_with_untrusted_x509cert_to_server_with_x509cert" classname="org.eclipse.leshan.integration.tests.SecurityTest" time="1.063"/>
  <testcase name="registered_device_with_bad_rpk_to_server_with_rpk_" classname="org.eclipse.leshan.integration.tests.SecurityTest" time="1.043"/>
  <testcase name="registered_device_with_x509cert_to_server_with_x509cert_server_certificate_usage_service_server_cert_wo_chain_given" classname="org.eclipse.leshan.integration.tests.SecurityTest" time="1.068"/>
  <testcase name="registered_device_with_x509cert_to_server_with_x509cert_rootca_certificate_usage_domain_other_server_cert_given" classname="org.eclipse.leshan.integration.tests.SecurityTest" time="1.055"/>
  <testcase name="registered_device_with_x509cert_to_server_with_x509cert_rootca_certificate_usage_domain" classname="org.eclipse.leshan.integration.tests.SecurityTest" time="1.056">
    <error message="java.util.concurrent.TimeoutException: wait for register timeout" type="java.lang.RuntimeException"><![CDATA[java.lang.RuntimeException: java.util.concurrent.TimeoutException: wait for register timeout
	at org.eclipse.leshan.integration.tests.SecurityTest.registered_device_with_x509cert_to_server_with_x509cert_rootca_certificate_usage_domain(SecurityTest.java:1412)
Caused by: java.util.concurrent.TimeoutException: wait for register timeout
	at org.eclipse.leshan.integration.tests.SecurityTest.registered_device_with_x509cert_to_server_with_x509cert_rootca_certificate_usage_domain(SecurityTest.java:1412)
]]></error>
  </testcase>
  <testcase name="register_update_deregister_reregister_device_with_psk_to_server_with_psk" classname="org.eclipse.leshan.integration.tests.SecurityTest" time="1.824"/>
  <testcase name="registered_device_with_x509cert_to_server_with_x509cert_rootca_certificate_usage_domain_root_ca_given" classname="org.eclipse.leshan.integration.tests.SecurityTest" time="1.065"/>
  <testcase name="registered_device_with_x509cert_to_server_with_x509cert_rootca_certificate_usage_domain_selfsigned_server_cert_given" classname="org.eclipse.leshan.integration.tests.SecurityTest" time="1.04"/>
  <testcase name="register_update_reregister_device_with_psk_to_server_with_psk" classname="org.eclipse.leshan.integration.tests.SecurityTest" time="2.325"/>
  <testcase name="nonunique_psk_identity" classname="org.eclipse.leshan.integration.tests.SecurityTest" time="0.019"/>
  <testcase name="registered_device_with_selfsigned_x509cert_to_server_with_x509cert" classname="org.eclipse.leshan.integration.tests.SecurityTest" time="1.042"/>
  <testcase name="registered_device_with_x509cert_to_server_with_x509cert_rootca_certificate_taa_domain_root_ca_given" classname="org.eclipse.leshan.integration.tests.SecurityTest" time="1.057">
    <error message="java.util.concurrent.TimeoutException: wait for register timeout" type="java.lang.RuntimeException"><![CDATA[java.lang.RuntimeException: java.util.concurrent.TimeoutException: wait for register timeout
	at org.eclipse.leshan.integration.tests.SecurityTest.registered_device_with_x509cert_to_server_with_x509cert_rootca_certificate_taa_domain_root_ca_given(SecurityTest.java:1243)
Caused by: java.util.concurrent.TimeoutException: wait for register timeout
	at org.eclipse.leshan.integration.tests.SecurityTest.registered_device_with_x509cert_to_server_with_x509cert_rootca_certificate_taa_domain_root_ca_given(SecurityTest.java:1243)
]]></error>
  </testcase>
  <testcase name="registered_device_with_x509cert_to_server_with_x509cert_rootca_certificate_usage_service_selfsigned_server_cert_given" classname="org.eclipse.leshan.integration.tests.SecurityTest" time="1.071"/>
  <testcase name="registered_device_with_x509cert_to_server_with_x509cert_rootca_certificate_usage_ca_other_server_cert_given" classname="org.eclipse.leshan.integration.tests.SecurityTest" time="1.067"/>
  <testcase name="dont_sent_request_if_identity_change" classname="org.eclipse.leshan.integration.tests.SecurityTest" time="0.063"/>
  <testcase name="registered_device_with_rpk_and_bad_endpoint_to_server_with_rpk" classname="org.eclipse.leshan.integration.tests.SecurityTest" time="1.068"/>
  <testcase name="change_psk_identity_cleanup" classname="org.eclipse.leshan.integration.tests.SecurityTest" time="0.155"/>
  <testcase name="registered_device_with_x509cert_to_server_with_x509cert_rootca_certificate_usage_taa" classname="org.eclipse.leshan.integration.tests.SecurityTest" time="1.137"/>
  <testcase name="registered_device_with_x509cert_to_server_with_x509cert_selfsigned_certificate_usage_taa_selfsigned_server_cert_given" classname="org.eclipse.leshan.integration.tests.SecurityTest" time="1.049"/>
  <testcase name="registered_device_with_x509cert_to_server_with_x509cert_rootca_certificate_ca_domain_root_ca_given" classname="org.eclipse.leshan.integration.tests.SecurityTest" time="1.041">
    <error message="java.util.concurrent.TimeoutException: wait for register timeout" type="java.lang.RuntimeException"><![CDATA[java.lang.RuntimeException: java.util.concurrent.TimeoutException: wait for register timeout
	at org.eclipse.leshan.integration.tests.SecurityTest.registered_device_with_x509cert_to_server_with_x509cert_rootca_certificate_ca_domain_root_ca_given(SecurityTest.java:800)
Caused by: java.util.concurrent.TimeoutException: wait for register timeout
	at org.eclipse.leshan.integration.tests.SecurityTest.registered_device_with_x509cert_to_server_with_x509cert_rootca_certificate_ca_domain_root_ca_given(SecurityTest.java:800)
]]></error>
  </testcase>
  <testcase name="registered_device_with_x509cert_to_server_with_x509cert_rootca_certificate_usage_ca_selfsigned_server_cert_given" classname="org.eclipse.leshan.integration.tests.SecurityTest" time="1.065"/>
  <testcase name="registered_device_with_x509cert_to_server_with_x509cert_rootca_certificate_usage_ca_intca_given" classname="org.eclipse.leshan.integration.tests.SecurityTest" time="1.093">
    <error message="java.util.concurrent.TimeoutException: wait for register timeout" type="java.lang.RuntimeException"><![CDATA[java.lang.RuntimeException: java.util.concurrent.TimeoutException: wait for register timeout
	at org.eclipse.leshan.integration.tests.SecurityTest.registered_device_with_x509cert_to_server_with_x509cert_rootca_certificate_usage_ca_intca_given(SecurityTest.java:765)
Caused by: java.util.concurrent.TimeoutException: wait for register timeout
	at org.eclipse.leshan.integration.tests.SecurityTest.registered_device_with_x509cert_to_server_with_x509cert_rootca_certificate_usage_ca_intca_given(SecurityTest.java:765)
]]></error>
  </testcase>
  <testcase name="registered_device_with_x509cert_to_server_with_rpk" classname="org.eclipse.leshan.integration.tests.SecurityTest" time="1.106"/>
  <testcase name="registered_device_with_x509cert_to_server_with_x509cert_rootca_certificate_usage_taa_intca_given" classname="org.eclipse.leshan.integration.tests.SecurityTest" time="1.083">
    <error message="java.util.concurrent.TimeoutException: wait for register timeout" type="java.lang.RuntimeException"><![CDATA[java.lang.RuntimeException: java.util.concurrent.TimeoutException: wait for register timeout
	at org.eclipse.leshan.integration.tests.SecurityTest.registered_device_with_x509cert_to_server_with_x509cert_rootca_certificate_usage_taa_intca_given(SecurityTest.java:1208)
Caused by: java.util.concurrent.TimeoutException: wait for register timeout
	at org.eclipse.leshan.integration.tests.SecurityTest.registered_device_with_x509cert_to_server_with_x509cert_rootca_certificate_usage_taa_intca_given(SecurityTest.java:1208)
]]></error>
  </testcase>
  <testcase name="registered_device_with_x509cert_to_server_with_x509cert_rootca_certificate_usage_taa_other_server_cert_given" classname="org.eclipse.leshan.integration.tests.SecurityTest" time="1.056"/>
  <testcase name="registered_device_with_rpk_to_server_with_x509cert" classname="org.eclipse.leshan.integration.tests.SecurityTest" time="0.589"/>
  <testcase name="registered_device_with_x509cert_to_server_with_x509cert" classname="org.eclipse.leshan.integration.tests.SecurityTest" time="1.069">
    <error message="java.util.concurrent.TimeoutException: wait for register timeout" type="java.lang.RuntimeException"><![CDATA[java.lang.RuntimeException: java.util.concurrent.TimeoutException: wait for register timeout
	at org.eclipse.leshan.integration.tests.SecurityTest.registered_device_with_x509cert_to_server_with_x509cert(SecurityTest.java:586)
Caused by: java.util.concurrent.TimeoutException: wait for register timeout
	at org.eclipse.leshan.integration.tests.SecurityTest.registered_device_with_x509cert_to_server_with_x509cert(SecurityTest.java:586)
]]></error>
  </testcase>
  <testcase name="registered_device_with_x509cert_to_server_with_x509cert_server_certificate_usage_taa_server_cert_wo_chain_given" classname="org.eclipse.leshan.integration.tests.SecurityTest" time="1.064"/>
  <testcase name="registered_device_with_x509cert_to_server_with_x509cert_then_remove_security_info" classname="org.eclipse.leshan.integration.tests.SecurityTest" time="0.065">
    <failure type="java.lang.AssertionError"><![CDATA[java.lang.AssertionError
	at org.eclipse.leshan.integration.tests.SecurityTest.registered_device_with_x509cert_to_server_with_x509cert_then_remove_security_info(SecurityTest.java:559)
]]></failure>
  </testcase>
  <testcase name="server_initiates_dtls_handshake" classname="org.eclipse.leshan.integration.tests.SecurityTest" time="0.044"/>
  <testcase name="registered_device_with_x509cert_to_server_with_x509cert_rootca_certificate_usage_service" classname="org.eclipse.leshan.integration.tests.SecurityTest" time="1.036">
    <error message="java.util.concurrent.TimeoutException: wait for register timeout" type="java.lang.RuntimeException"><![CDATA[java.lang.RuntimeException: java.util.concurrent.TimeoutException: wait for register timeout
	at org.eclipse.leshan.integration.tests.SecurityTest.registered_device_with_x509cert_to_server_with_x509cert_rootca_certificate_usage_service(SecurityTest.java:970)
Caused by: java.util.concurrent.TimeoutException: wait for register timeout
	at org.eclipse.leshan.integration.tests.SecurityTest.registered_device_with_x509cert_to_server_with_x509cert_rootca_certificate_usage_service(SecurityTest.java:970)
]]></error>
  </testcase>
  <testcase name="registered_device_with_x509cert_to_server_with_x509cert_rootca_certificate_usage_taa_selfsigned_server_cert_given" classname="org.eclipse.leshan.integration.tests.SecurityTest" time="1.054"/>
  <testcase name="registered_device_with_x509cert_and_bad_endpoint_to_server_with_x509cert" classname="org.eclipse.leshan.integration.tests.SecurityTest" time="1.057"/>
  <testcase name="registered_device_with_x509cert_to_server_with_x509cert_selfsigned_certificate_usage_domain_selfsigned_server_cert_given" classname="org.eclipse.leshan.integration.tests.SecurityTest" time="1.057">
    <error message="java.util.concurrent.TimeoutException: wait for register timeout" type="java.lang.RuntimeException"><![CDATA[java.lang.RuntimeException: java.util.concurrent.TimeoutException: wait for register timeout
	at org.eclipse.leshan.integration.tests.SecurityTest.registered_device_with_x509cert_to_server_with_x509cert_selfsigned_certificate_usage_domain_selfsigned_server_cert_given(SecurityTest.java:1548)
Caused by: java.util.concurrent.TimeoutException: wait for register timeout
	at org.eclipse.leshan.integration.tests.SecurityTest.registered_device_with_x509cert_to_server_with_x509cert_selfsigned_certificate_usage_domain_selfsigned_server_cert_given(SecurityTest.java:1548)
]]></error>
  </testcase>
  <testcase name="registered_device_with_bad_psk_identity_to_server_with_psk" classname="org.eclipse.leshan.integration.tests.SecurityTest" time="1.056"/>
  <testcase name="registered_device_with_x509cert_to_server_with_x509cert_rootca_certificate_usage_ca" classname="org.eclipse.leshan.integration.tests.SecurityTest" time="1.057"/>
  <testcase name="registered_device_with_psk_identity_to_server_with_psk_then_remove_security_info" classname="org.eclipse.leshan.integration.tests.SecurityTest" time="2.591"/>
  <testcase name="registered_device_with_x509cert_to_server_with_x509cert_server_certificate_usage_domain_server_cert_wo_chain_given" classname="org.eclipse.leshan.integration.tests.SecurityTest" time="1.058">
    <error message="java.util.concurrent.TimeoutException: wait for register timeout" type="java.lang.RuntimeException"><![CDATA[java.lang.RuntimeException: java.util.concurrent.TimeoutException: wait for register timeout
	at org.eclipse.leshan.integration.tests.SecurityTest.registered_device_with_x509cert_to_server_with_x509cert_server_certificate_usage_domain_server_cert_wo_chain_given(SecurityTest.java:1583)
Caused by: java.util.concurrent.TimeoutException: wait for register timeout
	at org.eclipse.leshan.integration.tests.SecurityTest.registered_device_with_x509cert_to_server_with_x509cert_server_certificate_usage_domain_server_cert_wo_chain_given(SecurityTest.java:1583)
]]></error>
  </testcase>
  <testcase name="registered_device_with_x509cert_to_server_with_x509cert_rootca_certificate_service_domain_root_ca_given" classname="org.eclipse.leshan.integration.tests.SecurityTest" time="1.072"/>
  <testcase name="registered_device_with_x509cert_to_server_with_self_signed_x509cert" classname="org.eclipse.leshan.integration.tests.SecurityTest" time="1.061">
    <error message="java.util.concurrent.TimeoutException: wait for register timeout" type="java.lang.RuntimeException"><![CDATA[java.lang.RuntimeException: java.util.concurrent.TimeoutException: wait for register timeout
	at org.eclipse.leshan.integration.tests.SecurityTest.registered_device_with_x509cert_to_server_with_self_signed_x509cert(SecurityTest.java:606)
Caused by: java.util.concurrent.TimeoutException: wait for register timeout
	at org.eclipse.leshan.integration.tests.SecurityTest.registered_device_with_x509cert_to_server_with_self_signed_x509cert(SecurityTest.java:606)
]]></error>
  </testcase>
  <testcase name="server_does_not_initiate_dtls_handshake_with_queue_mode" classname="org.eclipse.leshan.integration.tests.SecurityTest" time="1.595"/>
  <testcase name="registered_device_with_x509cert_and_bad_cn_certificate_to_server_with_x509cert" classname="org.eclipse.leshan.integration.tests.SecurityTest" time="1.067"/>
  <testcase name="registered_device_with_x509cert_to_server_with_x509cert_rootca_certificate_usage_service_other_server_cert_given" classname="org.eclipse.leshan.integration.tests.SecurityTest" time="1.056"/>
  <testcase name="registered_device_with_x509cert_and_bad_private_key_to_server_with_x509cert" classname="org.eclipse.leshan.integration.tests.SecurityTest" time="1.072"/>
  <testcase name="server_initiates_dtls_handshake_timeout" classname="org.eclipse.leshan.integration.tests.SecurityTest" time="1.903"/>
</testsuite>