<?xml version="1.0" encoding="UTF-8"?>
<testsuite xmlns:xsi="http://www.w3.org/2001/XMLSchema-instance" xsi:noNamespaceSchemaLocation="https://maven.apache.org/surefire/maven-surefire-plugin/xsd/surefire-test-report-3.0.xsd" version="3.0" name="org.eclipse.leshan.core.node.codec.LwM2mNodeEncoderTest" time="0.173" tests="17" errors="0" skipped="0" failures="0">
  <properties>
[...]
</properties>
  <testcase name="json_encode_timestamped_resources" classname="org.eclipse.leshan.core.node.codec.LwM2mNodeEncoderTest" time="0.011"/>
  <testcase name="senml_encode_timestamped_resources" classname="org.eclipse.leshan.core.node.codec.LwM2mNodeEncoderTest" time="0.015"/>
  <testcase name="tlv_encode_device_object_instance_as_resources_array__undefined_instance_id" classname="org.eclipse.leshan.core.node.codec.LwM2mNodeEncoderTest" time="0.106"/>
  <testcase name="senml_json_encode_multiple_resource" classname="org.eclipse.leshan.core.node.codec.LwM2mNodeEncoderTest" time="0.001"/>
  <testcase name="text_encode_single_resource_date" classname="org.eclipse.leshan.core.node.codec.LwM2mNodeEncoderTest" time="0.003"/>
  <testcase name="json_encode_timestamped_instances" classname="org.eclipse.leshan.core.node.codec.LwM2mNodeEncoderTest" time="0.001"/>
  <testcase name="tlv_encode_device_object_instance_as_resources_array" classname="org.eclipse.leshan.core.node.codec.LwM2mNodeEncoderTest" time="0"/>
  <testcase name="text_encode_opaque_as_base64_string" classname="org.eclipse.leshan.core.node.codec.LwM2mNodeEncoderTest" time="0.003"/>
  <testcase name="tlv_encode_device_object_instance_as_instance" classname="org.eclipse.leshan.core.node.codec.LwM2mNodeEncoderTest" time="0.001"/>
  <testcase name="tlv_encode_device_object" classname="org.eclipse.leshan.core.node.codec.LwM2mNodeEncoderTest" time="0.005"/>
  <testcase name="text_encode_single_resource_float" classname="org.eclipse.leshan.core.node.codec.LwM2mNodeEncoderTest" time="0.006"/>
  <testcase name="senml_json_encode_device_object_instance" classname="org.eclipse.leshan.core.node.codec.LwM2mNodeEncoderTest" time="0.005"/>
  <testcase name="json_timestamped_resource_instances" classname="org.eclipse.leshan.core.node.codec.LwM2mNodeEncoderTest" time="0.011"/>
  <testcase name="json_encode_timestamped_Object" classname="org.eclipse.leshan.core.node.codec.LwM2mNodeEncoderTest" time="0.001"/>
  <testcase name="json_encode_device_object_instance" classname="org.eclipse.leshan.core.node.codec.LwM2mNodeEncoderTest" time="0.002"/>
  <testcase name="senml_json_encode_single_resource" classname="org.eclipse.leshan.core.node.codec.LwM2mNodeEncoderTest" time="0.001"/>
  <testcase name="text_encode_multiple_instances" classname="org.eclipse.leshan.core.node.codec.LwM2mNodeEncoderTest" time="0"/>
</testsuite>