<?xml version="1.0" encoding="UTF-8"?>
<testsuite xmlns:xsi="http://www.w3.org/2001/XMLSchema-instance" xsi:noNamespaceSchemaLocation="https://maven.apache.org/surefire/maven-surefire-plugin/xsd/surefire-test-report-3.0.xsd" version="3.0" name="org.eclipse.leshan.core.node.LwM2MResourceTest" time="0.027" tests="16" errors="0" skipped="0" failures="0">
  <properties>
[...]
</properties>
  <testcase name="two_non_identical_multiple_opaques_are_not_equal" classname="org.eclipse.leshan.core.node.LwM2MResourceTest" time="0.021"/>
  <testcase name="integer_multi_instances_resource_with_null_value" classname="org.eclipse.leshan.core.node.LwM2MResourceTest" time="0"/>
  <testcase name="two_non_identical_opaques_are_not_equal" classname="org.eclipse.leshan.core.node.LwM2MResourceTest" time="0.002"/>
  <testcase name="two_identical_opaques_are_equal" classname="org.eclipse.leshan.core.node.LwM2MResourceTest" time="0"/>
  <testcase name="generic_multi_instance_with_incompatible_value_and_type" classname="org.eclipse.leshan.core.node.LwM2MResourceTest" time="0.001"/>
  <testcase name="generic_resource_with_null_value" classname="org.eclipse.leshan.core.node.LwM2MResourceTest" time="0.001"/>
  <testcase name="two_identical_strings_are_equal" classname="org.eclipse.leshan.core.node.LwM2MResourceTest" time="0"/>
  <testcase name="string_resource_with_null_value" classname="org.eclipse.leshan.core.node.LwM2MResourceTest" time="0"/>
  <testcase name="two_identical_multiple_opaques_are_equal" classname="org.eclipse.leshan.core.node.LwM2MResourceTest" time="0"/>
  <testcase name="generic_instance_with_incompatible_value_and_type" classname="org.eclipse.leshan.core.node.LwM2MResourceTest" time="0"/>
  <testcase name="generic_multi_instances_resource_with_null_value" classname="org.eclipse.leshan.core.node.LwM2MResourceTest" time="0"/>
  <testcase name="two_identical_multiple_strings_are_equal" classname="org.eclipse.leshan.core.node.LwM2MResourceTest" time="0.001"/>
  <testcase name="two_string_and_binary_are_not_equal" classname="org.eclipse.leshan.core.node.LwM2MResourceTest" time="0"/>
  <testcase name="two_multiple_string_and_multiple_binary_are_not_equal" classname="org.eclipse.leshan.core.node.LwM2MResourceTest" time="0"/>
  <testcase name="two_non_identical_multiple_strings_are_not_equal" classname="org.eclipse.leshan.core.node.LwM2MResourceTest" time="0"/>
  <testcase name="two_non_identical_strings_are_not_equal" classname="org.eclipse.leshan.core.node.LwM2MResourceTest" time="0.001"/>
</testsuite>